<?xml version="1.0" encoding="UTF-8"?>
<!-- Generated by org.testng.reporters.JUnitReportReporter -->
<testsuite skipped="0" hostname="SHILPA-PC" name="base.SwitchClass" tests="1" failures="0" timestamp="22 Dec 2019 04:10:22 GMT" time="24.709" errors="0">
  <testcase name="getDriver" time="24.709" classname="base.SwitchClass"/>
</testsuite> <!-- base.SwitchClass -->
